\BOOKMARK [0][-]{chapter*.1}{Acknowledgements}{}% 1
\BOOKMARK [0][-]{chapter*.2}{To the Student}{}% 2
\BOOKMARK [0][-]{chapter*.3}{To the Instructor}{}% 3
\BOOKMARK [0][-]{chapter.1}{Rates Of Change}{}% 4
\BOOKMARK [1][-]{section.1.1}{Velocity}{chapter.1}% 5
\BOOKMARK [1][-]{section.1.2}{Secant Line to a Curve}{chapter.1}% 6
\BOOKMARK [1][-]{section.1.3}{The Difference Quotient}{chapter.1}% 7
\BOOKMARK [1][-]{section.1.4}{Supplement}{chapter.1}% 8
\BOOKMARK [0][-]{chapter.2}{Limits and Continuity}{}% 9
\BOOKMARK [1][-]{section.2.1}{Limits}{chapter.2}% 10
\BOOKMARK [1][-]{section.2.2}{Limits Laws}{chapter.2}% 11
\BOOKMARK [1][-]{section.2.3}{Indeterminate Limits}{chapter.2}% 12
\BOOKMARK [1][-]{section.2.4}{Limits at Infinity}{chapter.2}% 13
\BOOKMARK [1][-]{section.2.5}{Limits at Infinity Tending to Zero}{chapter.2}% 14
\BOOKMARK [1][-]{section.2.6}{Ratios of Infinities}{chapter.2}% 15
\BOOKMARK [1][-]{section.2.7}{Non-existent Limits}{chapter.2}% 16
\BOOKMARK [1][-]{section.2.8}{Vertical Asymptotes}{chapter.2}% 17
\BOOKMARK [1][-]{section.2.9}{Continuity}{chapter.2}% 18
\BOOKMARK [1][-]{section.2.10}{Discontinuities}{chapter.2}% 19
\BOOKMARK [1][-]{section.2.11}{Continuity on an Interval}{chapter.2}% 20
\BOOKMARK [1][-]{section.2.12}{Discontinuous Formulas}{chapter.2}% 21
\BOOKMARK [1][-]{section.2.13}{Piecewise-Defined Functions}{chapter.2}% 22
\BOOKMARK [1][-]{section.2.14}{Supplement}{chapter.2}% 23
\BOOKMARK [0][-]{chapter.3}{Introduction to the First Derivative}{}% 24
\BOOKMARK [1][-]{section.3.1}{Instantaneous Velocity}{chapter.3}% 25
\BOOKMARK [1][-]{section.3.2}{Tangent Lines}{chapter.3}% 26
\BOOKMARK [1][-]{section.3.3}{The First Derivative}{chapter.3}% 27
\BOOKMARK [1][-]{section.3.4}{Derivative Units}{chapter.3}% 28
\BOOKMARK [0][-]{chapter.4}{Functions, Derivatives, and Antiderivatives}{}% 29
\BOOKMARK [1][-]{section.4.1}{Graph Features}{chapter.4}% 30
\BOOKMARK [1][-]{section.4.2}{Graphical Derivatives}{chapter.4}% 31
\BOOKMARK [1][-]{section.4.3}{Nondifferentiability}{chapter.4}% 32
\BOOKMARK [1][-]{section.4.4}{Higher Order Derivatives}{chapter.4}% 33
\BOOKMARK [1][-]{section.4.5}{Antiderivatives}{chapter.4}% 34
\BOOKMARK [1][-]{section.4.6}{Graphical Features from Derivatives}{chapter.4}% 35
\BOOKMARK [0][-]{chapter.5}{Derivative Formulas}{}% 36
\BOOKMARK [1][-]{section.5.1}{Leibniz Notation}{chapter.5}% 37
\BOOKMARK [1][-]{section.5.2}{The Derivative Operator}{chapter.5}% 38
\BOOKMARK [1][-]{section.5.3}{The Power Rule}{chapter.5}% 39
\BOOKMARK [1][-]{section.5.4}{The Constant Factor Rule}{chapter.5}% 40
\BOOKMARK [1][-]{section.5.5}{The Constant Divisor Rule}{chapter.5}% 41
\BOOKMARK [1][-]{section.5.6}{The Sum and Difference Rules}{chapter.5}% 42
\BOOKMARK [1][-]{section.5.7}{Product Rule}{chapter.5}% 43
\BOOKMARK [1][-]{section.5.8}{Quotient Rule}{chapter.5}% 44
\BOOKMARK [1][-]{section.5.9}{Simplification}{chapter.5}% 45
\BOOKMARK [1][-]{section.5.10}{Product and Quotient Rules Together}{chapter.5}% 46
\BOOKMARK [1][-]{section.5.11}{Derivative Formulas and Function Behavior}{chapter.5}% 47
\BOOKMARK [0][-]{chapter.6}{The Chain Rule}{}% 48
\BOOKMARK [1][-]{section.6.1}{Introduction to the Chain Rule}{chapter.6}% 49
\BOOKMARK [1][-]{section.6.2}{Order to Apply Rules}{chapter.6}% 50
\BOOKMARK [1][-]{section.6.3}{Not Simplifying First}{chapter.6}% 51
\BOOKMARK [1][-]{section.6.4}{Chain Rule with Leibniz Notation}{chapter.6}% 52
\BOOKMARK [0][-]{chapter.7}{Implicit Differentiation}{}% 53
\BOOKMARK [1][-]{section.7.1}{General Implicit Differentiation}{chapter.7}% 54
\BOOKMARK [1][-]{section.7.2}{Derivatives of Inverse Functions}{chapter.7}% 55
\BOOKMARK [0][-]{chapter.8}{Related Rates}{}% 56
\BOOKMARK [0][-]{chapter.9}{Critical Numbers and Graphing from Formulas}{}% 57
\BOOKMARK [1][-]{section.9.1}{Motivation}{chapter.9}% 58
\BOOKMARK [1][-]{section.9.2}{Local Extrema}{chapter.9}% 59
\BOOKMARK [1][-]{section.9.3}{Formal Identification of Critical Numbers}{chapter.9}% 60
\BOOKMARK [1][-]{section.9.4}{Sign Tables for the First Derivative}{chapter.9}% 61
\BOOKMARK [1][-]{section.9.5}{Inflection Points}{chapter.9}% 62
\BOOKMARK [1][-]{section.9.6}{End Behavior}{chapter.9}% 63
\BOOKMARK [1][-]{section.9.7}{Making Graphs}{chapter.9}% 64
\BOOKMARK [0][-]{chapter*.546}{Solutions to Supplementary Exercises}{}% 65
\BOOKMARK [0][-]{chapter*.549}{Short Answers to Supplementary Exercises}{}% 66
